        -:    0:Source:unittest4.c
        -:    0:Graph:unittest4.gcno
        -:    0:Data:unittest4.gcda
        -:    0:Runs:27
        -:    0:Programs:1
        -:    1:#include "dominion.h"
        -:    2:#include "dominion_helpers.h"
        -:    3:#include <string.h>
        -:    4:#include <stdio.h>
        -:    5:#include "rngs.h"
        -:    6:
        -:    7:// global count of test failures
        -:    8:int failureCount = 0;
        -:    9:int testCount = 0;
        -:   10:
        -:   11:// function to check if two ints are equal or not
function assertTrue called 135 returned 100% blocks executed 80%
        -:   12:void assertTrue(int a, int b) {
      135:   13:    if (a == b) {
branch  0 taken 100%
branch  1 taken 0%
      135:   14:        printf("PASSED\n");
      135:   15:        testCount++;
      135:   16:    }
        -:   17:    else {
    #####:   18:        printf("FAILED\n");
    #####:   19:        failureCount++;
    #####:   20:        testCount++;
        -:   21:    }
      135:   22:}
        -:   23:
        -:   24:// runs the tests
function main called 27 returned 100% blocks executed 80%
        -:   25:int main () {
        -:   26:    // kingdom cards
       27:   27:    int k[10] = {adventurer, council_room, feast, gardens, mine,
        -:   28:               remodel, smithy, village, baron, great_hall};
       27:   29:    int seed = 2000;
        -:   30:    struct gameState state;
        -:   31:
       27:   32:    printf("Starting test for gainCard()...\n");
        -:   33:    
       27:   34:    memset(&state,23,sizeof(struct gameState));
       27:   35:    initializeGame(2, k, seed, &state);
        -:   36:
       27:   37:    printf("\nTEST: Gold supply pile is empty\n");
        -:   38:    
       27:   39:    state.supplyCount[gold] = 0;
        -:   40:    
       27:   41:    printf("Actual: %d\n",gainCard(gold,&state,0,0));
       27:   42:    printf("Expected: %d\n",-1);
       27:   43:    assertTrue(gainCard(gold,&state,0,0),-1);
        -:   44:    
       27:   45:    state.supplyCount[gold] = 30;
        -:   46:
       27:   47:    printf("\nTEST: Add card to deck\n");
        -:   48:    
       27:   49:    int deckCount = state.deckCount[0];
       27:   50:    gainCard(gold,&state,1,0);
        -:   51:    
       27:   52:    printf("Actual: %d\n",state.deckCount[0]);
       27:   53:    printf("Expected: %d\n",deckCount+1);
       27:   54:    assertTrue(deckCount+1,state.deckCount[0]);
        -:   55:
       27:   56:    printf("\nTEST: Add card to hand\n");
        -:   57:    
       27:   58:    int handCount = state.handCount[0];
       27:   59:    gainCard(gold,&state,2,0);
        -:   60:    
       27:   61:    printf("Actual: %d\n",state.handCount[0]);
       27:   62:    printf("Expected: %d\n",handCount+1);
       27:   63:    assertTrue(handCount+1,state.handCount[0]);
        -:   64:
       27:   65:    printf("\nTEST: Add card to discard pile\n");
        -:   66:    
       27:   67:    int discardCount = state.discardCount[0];
       27:   68:    gainCard(gold,&state,0,0);
        -:   69:    
       27:   70:    printf("Actual: %d\n",state.discardCount[0]);
       27:   71:    printf("Expected: %d\n",discardCount+1);
       27:   72:    assertTrue(discardCount+1,state.discardCount[0]);
        -:   73:
       27:   74:    printf("\nTEST: Decrease gold supply\n");
        -:   75:    
       27:   76:    int goldSupply = state.supplyCount[gold];
       27:   77:    gainCard(gold,&state,0,0);
        -:   78:    
       27:   79:    printf("Actual: %d\n",state.supplyCount[gold]);
       27:   80:    printf("Expected: %d\n",goldSupply-1);
       27:   81:    assertTrue(goldSupply-1,state.supplyCount[gold]);
        -:   82:
       27:   83:    if (failureCount) {
branch  0 taken 0%
branch  1 taken 100%
    #####:   84:        printf("\nTEST(S) FAILED\n");
    #####:   85:        printf("%d of %d tests failed!\n",failureCount,testCount);
    #####:   86:    }
        -:   87:    else {
       27:   88:        printf("\nTESTS SUCCESSFULLY COMPLETED\n\n");
        -:   89:    }
        -:   90:
       27:   91:    return 0;
        -:   92:}
