        -:    0:Source:cardtest4.c
        -:    0:Graph:cardtest4.gcno
        -:    0:Data:cardtest4.gcda
        -:    0:Runs:1
        -:    0:Programs:1
        -:    1:#include "dominion.h"
        -:    2:#include "dominion_helpers.h"
        -:    3:#include <string.h>
        -:    4:#include <stdio.h>
        -:    5:#include "rngs.h"
        -:    6:
        -:    7://fail and test counters
        -:    8:int failureCount = 0;
        -:    9:int testCount = 0;
        -:   10:
        -:   11://replaces c assert
function assertTrue called 17 returned 100% blocks executed 100%
        -:   12:void assertTrue(int a, int b) {
       17:   13:    if (a == b) {
branch  0 taken 94%
branch  1 taken 6%
       16:   14:        printf("PASSED\n");
       16:   15:        testCount++;
       16:   16:    }
        -:   17:    else {
        1:   18:        printf("FAILED\n");
        1:   19:        failureCount++;
        1:   20:        testCount++;
        -:   21:    }
       17:   22:}
        -:   23:
        -:   24://starts tests
function main called 1 returned 100% blocks executed 92%
        -:   25:int main () {
        -:   26:    
        -:   27:    //sets up game
        -:   28:    int i;
        1:   29:    int numPlayers = 2;
        1:   30:    int player0 = 0;
        1:   31:    int player1 = 1;
        -:   32:
        1:   33:    int handpos = 0;
        1:   34:    int choice1 = copper, choice2 = silver, choice3 = 0;
        1:   35:    int bonus = 0;
        -:   36:
        1:   37:    int k[10] = {adventurer, council_room, feast, gardens, mine,
        -:   38:               remodel, smithy, village, baron, great_hall};
        -:   39:
        1:   40:    int seed = 2000;
        -:   41:
        1:   42:    int handCount = 5;
        -:   43:    
        -:   44:    int coppers[MAX_HAND];
        -:   45:    int silvers[MAX_HAND];
        -:   46:    int golds[MAX_HAND];
        -:   47:
        -:   48:    //fills hand with designated treasure
     1002:   49:    for (i = 0; i < MAX_HAND; i++) {
branch  0 taken 99%
branch  1 taken 1%
      500:   50:        coppers[i] = copper;
      500:   51:        silvers[i] = silver;
      500:   52:        golds[i] = gold;
      500:   53:    }
        -:   54:
        -:   55:    //multiples structs for comparison
        -:   56:    struct gameState state, originalState;
        -:   57:
        1:   58:    printf("Starting tests for mineEffect()...\n");
        1:   59:    memset(&state,23,sizeof(struct gameState));
        1:   60:    memset(&originalState,23,sizeof(struct gameState));
        -:   61:
        -:   62:    //starts game
        1:   63:    initializeGame(numPlayers, k, seed, &state);
        -:   64:
        -:   65:    //copies state for comparison
        1:   66:    memcpy(&originalState, &state, sizeof(struct gameState));
        -:   67:
        -:   68:    //fills hand with coppers
        1:   69:    memcpy(state.hand[player0],coppers,sizeof(int)*handCount);
        -:   70:
        -:   71:    //calls function for testing
        1:   72:    cardEffect(mine, choice1, choice2, choice3, &state, handpos, &bonus);
        -:   73:
        1:   74:    printf("\nTEST: Player 0 hand count is unaffected\n");
        1:   75:    printf("Actual: %d\n",state.handCount[player0]);
        1:   76:    printf("Expected: %d\n",originalState.handCount[player0]);
        1:   77:    assertTrue(state.handCount[player0],originalState.handCount[player0]);
        -:   78:
        1:   79:    printf("\nTEST: Player 0 deck count is unaffected\n");
        1:   80:    printf("Actual: %d\n",state.deckCount[player0]);
        1:   81:    printf("Expected: %d\n",originalState.deckCount[player0]);
        1:   82:    assertTrue(state.deckCount[player0],originalState.deckCount[player0]);
        -:   83:
        1:   84:    printf("\nTEST: No change to victory card piles\n");
        -:   85:    
        1:   86:    printf("Province Pile\n");
        1:   87:    printf("Actual: %d\n",state.supplyCount[province]);
        1:   88:    printf("Expected: %d\n",originalState.supplyCount[province]);
        1:   89:    assertTrue(state.supplyCount[province],originalState.supplyCount[province]);
        -:   90:    
        1:   91:    printf("Duchy Pile\n");
        1:   92:    printf("Actual: %d\n",state.supplyCount[duchy]);
        1:   93:    printf("Expected: %d\n",originalState.supplyCount[duchy]);
        1:   94:    assertTrue(state.supplyCount[duchy],originalState.supplyCount[duchy]);
        -:   95:    
        1:   96:    printf("Estate Pile\n");
        1:   97:    printf("Actual: %d\n",state.supplyCount[estate]);
        1:   98:    printf("Expected: %d\n",originalState.supplyCount[estate]);
        1:   99:    assertTrue(state.supplyCount[estate],originalState.supplyCount[estate]);
        -:  100:
        1:  101:    printf("\nTEST: Player 1 was not affected\n");
        -:  102:    
        1:  103:    printf("Hand Count\n");
        1:  104:    printf("Actual: %d\n",state.handCount[player1]);
        1:  105:    printf("Expected: %d\n",originalState.handCount[player1]);
        1:  106:    assertTrue(state.handCount[player1],originalState.handCount[player1]);
        -:  107:    
        1:  108:    printf("Deck Count\n");
        1:  109:    printf("Actual: %d\n",state.deckCount[player1]);
        1:  110:    printf("Expected: %d\n",originalState.deckCount[player1]);
        1:  111:    assertTrue(state.deckCount[player1],originalState.deckCount[player1]);
        -:  112:
        1:  113:    printf("\nTEST: No change to kingdom card piles\n");
       22:  114:    for (i = 0; i < 10; i++) {
branch  0 taken 91%
branch  1 taken 9%
       10:  115:        printf("checking card piles...\n");
       10:  116:        assertTrue(state.supplyCount[k[i]],originalState.supplyCount[k[i]]);
       10:  117:    }
        -:  118:
        1:  119:    if (failureCount) {
branch  0 taken 100%
branch  1 taken 0%
        1:  120:        printf("\nTEST(S) FAILED\n");
        1:  121:        printf("%d of %d tests failed!\n",failureCount,testCount);
        1:  122:    }
        -:  123:    else {
    #####:  124:        printf("\nTESTS SUCCESSFULLY COMPLETED\n\n");
        -:  125:    }
        -:  126:
        1:  127:    return 0;
        -:  128:}
