        -:    0:Source:cardtest2.c
        -:    0:Graph:cardtest2.gcno
        -:    0:Data:cardtest2.gcda
        -:    0:Runs:1
        -:    0:Programs:1
        -:    1:#include "dominion.h"
        -:    2:#include "dominion_helpers.h"
        -:    3:#include <string.h>
        -:    4:#include <stdio.h>
        -:    5:#include "rngs.h"
        -:    6:
        -:    7://test and failure counters
        -:    8:int failureCount = 0;
        -:    9:int testCount = 0;
        -:   10:
        -:   11://replaces c assert so that we can run through all tests even if they fail
function assertTrue called 17 returned 100% blocks executed 80%
        -:   12:void assertTrue(int a, int b) {
       17:   13:    if (a == b) {
branch  0 taken 100%
branch  1 taken 0%
       17:   14:        printf("PASSED\n");
       17:   15:        testCount++;
       17:   16:    }
        -:   17:    else {
    #####:   18:        printf("FAILED\n");
    #####:   19:        failureCount++;
    #####:   20:        testCount++;
        -:   21:    }
       17:   22:}
        -:   23:
        -:   24://starts tests
function main called 1 returned 100% blocks executed 88%
        -:   25:int main () {
        -:   26:    
        -:   27:    //sets up game
        -:   28:    int i;
        1:   29:    int numPlayers = 2;
        1:   30:    int player0 = 0;
        1:   31:    int player1 = 1;
        -:   32:
        1:   33:    int handpos = 0;
        1:   34:    int choice1 = 0, choice2 = 0, choice3 = 0;
        1:   35:    int bonus = 0;
        -:   36:
        1:   37:    int k[10] = {adventurer, council_room, feast, gardens, mine,
        -:   38:               remodel, smithy, village, baron, great_hall};
        -:   39:
        1:   40:    int seed = 2000;
        -:   41:    
        -:   42:    //inits structs for current state and original state for comparison
        -:   43:    struct gameState state, originalState;
        -:   44:
        1:   45:    printf("Starting tests for smithyEffect()...\n");
        1:   46:    memset(&state,23,sizeof(struct gameState));
        1:   47:    memset(&originalState,23,sizeof(struct gameState));
        -:   48:
        -:   49:    //starts game
        1:   50:    initializeGame(numPlayers, k, seed, &state);
        -:   51:
        -:   52:    //copies current state so we can make changes and compare
        1:   53:    memcpy(&originalState, &state, sizeof(struct gameState));
        -:   54:
        -:   55:    //calls function to test
        1:   56:    cardEffect(smithy, choice1, choice2, choice3, &state, handpos, &bonus);
        -:   57:
        1:   58:    printf("\nTEST: Player 0 gains 3 cards\n");
        1:   59:    printf("Actual: %d\n",state.handCount[player0]);
        1:   60:    printf("Expected: %d\n",originalState.handCount[player0]+2);
        1:   61:    assertTrue(state.handCount[player0],originalState.handCount[player0]+2);
        -:   62:
        1:   63:    printf("\nTEST: Player 0 gains 3 cards from his own pile\n");
        1:   64:    printf("Actual: %d\n",state.deckCount[player0]);
        1:   65:    printf("Expected: %d\n",originalState.deckCount[player0]-3);
        1:   66:    assertTrue(state.deckCount[player0],originalState.deckCount[player0]-3);
        -:   67:
        1:   68:    printf("\nTEST: No change to victory card piles\n");
        -:   69:    
        1:   70:    printf("Province Pile\n");
        1:   71:    printf("Actual: %d\n",state.supplyCount[province]);
        1:   72:    printf("Expected: %d\n",originalState.supplyCount[province]);
        1:   73:    assertTrue(state.supplyCount[province],originalState.supplyCount[province]);
        -:   74:    
        1:   75:    printf("\nDuchy Pile\n");
        1:   76:    printf("Actual: %d\n",state.supplyCount[duchy]);
        1:   77:    printf("Expected: %d\n",originalState.supplyCount[duchy]);
        1:   78:    assertTrue(state.supplyCount[duchy],originalState.supplyCount[duchy]);
        -:   79:    
        1:   80:    printf("\nEstate Pile\n");
        1:   81:    printf("Actual: %d\n",state.supplyCount[estate]);
        1:   82:    printf("Expected: %d\n",originalState.supplyCount[estate]);
        1:   83:    assertTrue(state.supplyCount[estate],originalState.supplyCount[estate]);
        -:   84:
        1:   85:    printf("\nTEST: No change to kingdom card piles\n");
       22:   86:    for (i = 0; i < 10; i++) {
branch  0 taken 91%
branch  1 taken 9%
       10:   87:        printf("checking card piles...\n");
       10:   88:        assertTrue(state.supplyCount[k[i]],originalState.supplyCount[k[i]]);
       10:   89:    }
        -:   90:
        1:   91:    printf("\nTEST: Player 1 was not affected\n");
        -:   92:    
        1:   93:    printf("Hand Count\n");
        1:   94:    printf("Actual: %d\n",state.handCount[player1]);
        1:   95:    printf("Expected: %d\n",originalState.handCount[player1]);
        1:   96:    assertTrue(state.handCount[player1],originalState.handCount[player1]);
        -:   97:    
        1:   98:    printf("\nDeck Count\n");
        1:   99:    printf("Actual: %d\n",state.deckCount[player1]);
        1:  100:    printf("Expected: %d\n",originalState.deckCount[player1]);
        1:  101:    assertTrue(state.deckCount[player1],originalState.deckCount[player1]);
        -:  102:
        1:  103:    if (failureCount) {
branch  0 taken 0%
branch  1 taken 100%
    #####:  104:        printf("\nTEST(S) FAILED\n");
    #####:  105:        printf("%d of %d tests failed!\n",failureCount,testCount);
    #####:  106:    }
        -:  107:    else {
        1:  108:        printf("\nTESTS SUCCESSFULLY COMPLETED\n\n");
        -:  109:    }
        -:  110:
        1:  111:    return 0;
        -:  112:}
